# JRE version: OpenJDK Runtime Environment (8.0_302-b08) (build 1.8.0_302-b08)
# Java VM: OpenJDK 64-Bit Server VM (25.302-b08 mixed mode windows-amd64 compressed oops)
Heap:
 PSYoungGen      total 1049600K, used 745840K [0x000000076c100000, 0x00000007ac900000, 0x00000007c0000000)
  eden space 1045504K, 71% used [0x000000076c100000,0x00000007997f6eb8,0x00000007abe00000)
  from space 4096K, 34% used [0x00000007ac100000,0x00000007ac265160,0x00000007ac500000)
  to   space 1536K, 0% used [0x00000007ac780000,0x00000007ac780000,0x00000007ac900000)
 ParOldGen       total 460800K, used 360587K [0x00000006c4200000, 0x00000006e0400000, 0x000000076c100000)
  object space 460800K, 78% used [0x00000006c4200000,0x00000006da222ef0,0x00000006e0400000)
 Metaspace       used 11114K, capacity 11366K, committed 11648K, reserved 1058816K
  class space    used 1211K, capacity 1289K, committed 1408K, reserved 1048576K
GC Heap History (10 events):
Event: 8.063 GC heap before
{Heap before GC invocations=25 (full 6):
 PSYoungGen      total 890880K, used 871730K [0x000000076c100000, 0x00000007a3600000, 0x00000007c0000000)
  eden space 885760K, 98% used [0x000000076c100000,0x00000007a1414988,0x00000007a2200000)
  from space 5120K, 4% used [0x00000007a2700000,0x00000007a2738000,0x00000007a2c00000)
  to   space 5120K, 0% used [0x00000007a2200000,0x00000007a2200000,0x00000007a2700000)
 ParOldGen       total 460800K, used 120547K [0x00000006c4200000, 0x00000006e0400000, 0x000000076c100000)
  object space 460800K, 26% used [0x00000006c4200000,0x00000006cb7b8e00,0x00000006e0400000)
 Metaspace       used 10999K, capacity 11238K, committed 11392K, reserved 1058816K
  class space    used 1211K, capacity 1289K, committed 1408K, reserved 1048576K
Event: 8.069 GC heap after
Heap after GC invocations=25 (full 6):
 PSYoungGen      total 890880K, used 1492K [0x000000076c100000, 0x00000007a8300000, 0x00000007c0000000)
  eden space 885760K, 0% used [0x000000076c100000,0x000000076c100000,0x00000007a2200000)
  from space 5120K, 29% used [0x00000007a2200000,0x00000007a2375160,0x00000007a2700000)
  to   space 4608K, 0% used [0x00000007a7e80000,0x00000007a7e80000,0x00000007a8300000)
 ParOldGen       total 460800K, used 168555K [0x00000006c4200000, 0x00000006e0400000, 0x000000076c100000)
  object space 460800K, 36% used [0x00000006c4200000,0x00000006ce69ae30,0x00000006e0400000)
 Metaspace       used 10999K, capacity 11238K, committed 11392K, reserved 1058816K
  class space    used 1211K, capacity 1289K, committed 1408K, reserved 1048576K
}
Event: 8.806 GC heap before
{Heap before GC invocations=26 (full 6):
 PSYoungGen      total 890880K, used 886307K [0x000000076c100000, 0x00000007a8300000, 0x00000007c0000000)
  eden space 885760K, 99% used [0x000000076c100000,0x00000007a2113b70,0x00000007a2200000)
  from space 5120K, 29% used [0x00000007a2200000,0x00000007a2375160,0x00000007a2700000)
  to   space 4608K, 0% used [0x00000007a7e80000,0x00000007a7e80000,0x00000007a8300000)
 ParOldGen       total 460800K, used 168555K [0x00000006c4200000, 0x00000006e0400000, 0x000000076c100000)
  object space 460800K, 36% used [0x00000006c4200000,0x00000006ce69ae30,0x00000006e0400000)
 Metaspace       used 11044K, capacity 11238K, committed 11392K, reserved 1058816K
  class space    used 1211K, capacity 1289K, committed 1408K, reserved 1048576K
Event: 8.813 GC heap after
Heap after GC invocations=26 (full 6):
 PSYoungGen      total 970752K, used 1428K [0x000000076c100000, 0x00000007a8000000, 0x00000007c0000000)
  eden space 969216K, 0% used [0x000000076c100000,0x000000076c100000,0x00000007a7380000)
  from space 1536K, 92% used [0x00000007a7e80000,0x00000007a7fe5160,0x00000007a8000000)
  to   space 4608K, 0% used [0x00000007a7700000,0x00000007a7700000,0x00000007a7b80000)
 ParOldGen       total 460800K, used 216563K [0x00000006c4200000, 0x00000006e0400000, 0x000000076c100000)
  object space 460800K, 46% used [0x00000006c4200000,0x00000006d157ce60,0x00000006e0400000)
 Metaspace       used 11044K, capacity 11238K, committed 11392K, reserved 1058816K
  class space    used 1211K, capacity 1289K, committed 1408K, reserved 1048576K
}
Event: 9.514 GC heap before
{Heap before GC invocations=27 (full 6):
 PSYoungGen      total 970752K, used 968563K [0x000000076c100000, 0x00000007a8000000, 0x00000007c0000000)
  eden space 969216K, 99% used [0x000000076c100000,0x00000007a7177d38,0x00000007a7380000)
  from space 1536K, 92% used [0x00000007a7e80000,0x00000007a7fe5160,0x00000007a8000000)
  to   space 4608K, 0% used [0x00000007a7700000,0x00000007a7700000,0x00000007a7b80000)
 ParOldGen       total 460800K, used 216563K [0x00000006c4200000, 0x00000006e0400000, 0x000000076c100000)
  object space 460800K, 46% used [0x00000006c4200000,0x00000006d157ce60,0x00000006e0400000)
 Metaspace       used 11097K, capacity 11302K, committed 11648K, reserved 1058816K
  class space    used 1211K, capacity 1289K, committed 1408K, reserved 1048576K
Event: 9.519 GC heap after
Heap after GC invocations=27 (full 6):
 PSYoungGen      total 977408K, used 1460K [0x000000076c100000, 0x00000007acb80000, 0x00000007c0000000)
  eden space 972800K, 0% used [0x000000076c100000,0x000000076c100000,0x00000007a7700000)
  from space 4608K, 31% used [0x00000007a7700000,0x00000007a786d160,0x00000007a7b80000)
  to   space 4096K, 0% used [0x00000007ac780000,0x00000007ac780000,0x00000007acb80000)
 ParOldGen       total 460800K, used 264571K [0x00000006c4200000, 0x00000006e0400000, 0x000000076c100000)
  object space 460800K, 57% used [0x00000006c4200000,0x00000006d445ee90,0x00000006e0400000)
 Metaspace       used 11097K, capacity 11302K, committed 11648K, reserved 1058816K
  class space    used 1211K, capacity 1289K, committed 1408K, reserved 1048576K
}
Event: 10.378 GC heap before
{Heap before GC invocations=28 (full 6):
 PSYoungGen      total 977408K, used 970915K [0x000000076c100000, 0x00000007acb80000, 0x00000007c0000000)
  eden space 972800K, 99% used [0x000000076c100000,0x00000007a73bbd58,0x00000007a7700000)
  from space 4608K, 31% used [0x00000007a7700000,0x00000007a786d160,0x00000007a7b80000)
  to   space 4096K, 0% used [0x00000007ac780000,0x00000007ac780000,0x00000007acb80000)
 ParOldGen       total 460800K, used 264571K [0x00000006c4200000, 0x00000006e0400000, 0x000000076c100000)
  object space 460800K, 57% used [0x00000006c4200000,0x00000006d445ee90,0x00000006e0400000)
 Metaspace       used 11100K, capacity 11302K, committed 11648K, reserved 1058816K
  class space    used 1211K, capacity 1289K, committed 1408K, reserved 1048576K
Event: 10.382 GC heap after
Heap after GC invocations=28 (full 6):
 PSYoungGen      total 1047040K, used 1428K [0x000000076c100000, 0x00000007ac900000, 0x00000007c0000000)
  eden space 1045504K, 0% used [0x000000076c100000,0x000000076c100000,0x00000007abe00000)
  from space 1536K, 92% used [0x00000007ac780000,0x00000007ac8e5160,0x00000007ac900000)
  to   space 4096K, 0% used [0x00000007ac100000,0x00000007ac100000,0x00000007ac500000)
 ParOldGen       total 460800K, used 312579K [0x00000006c4200000, 0x00000006e0400000, 0x000000076c100000)
  object space 460800K, 67% used [0x00000006c4200000,0x00000006d7340ec0,0x00000006e0400000)
 Metaspace       used 11100K, capacity 11302K, committed 11648K, reserved 1058816K
  class space    used 1211K, capacity 1289K, committed 1408K, reserved 1048576K
}
Event: 11.370 GC heap before
{Heap before GC invocations=29 (full 6):
 PSYoungGen      total 1047040K, used 1037380K [0x000000076c100000, 0x00000007ac900000, 0x00000007c0000000)
  eden space 1045504K, 99% used [0x000000076c100000,0x00000007ab4ac0e0,0x00000007abe00000)
  from space 1536K, 92% used [0x00000007ac780000,0x00000007ac8e5160,0x00000007ac900000)
  to   space 4096K, 0% used [0x00000007ac100000,0x00000007ac100000,0x00000007ac500000)
 ParOldGen       total 460800K, used 312579K [0x00000006c4200000, 0x00000006e0400000, 0x000000076c100000)
  object space 460800K, 67% used [0x00000006c4200000,0x00000006d7340ec0,0x00000006e0400000)
 Metaspace       used 11109K, capacity 11302K, committed 11648K, reserved 1058816K
  class space    used 1211K, capacity 1289K, committed 1408K, reserved 1048576K
Event: 11.386 GC heap after
Heap after GC invocations=29 (full 6):
 PSYoungGen      total 1049600K, used 1428K [0x000000076c100000, 0x00000007ac900000, 0x00000007c0000000)
  eden space 1045504K, 0% used [0x000000076c100000,0x000000076c100000,0x00000007abe00000)
  from space 4096K, 34% used [0x00000007ac100000,0x00000007ac265160,0x00000007ac500000)
  to   space 1536K, 0% used [0x00000007ac780000,0x00000007ac780000,0x00000007ac900000)
 ParOldGen       total 460800K, used 360587K [0x00000006c4200000, 0x00000006e0400000, 0x000000076c100000)
  object space 460800K, 78% used [0x00000006c4200000,0x00000006da222ef0,0x00000006e0400000)
 Metaspace       used 11109K, capacity 11302K, committed 11648K, reserved 1058816K
  class space    used 1211K, capacity 1289K, committed 1408K, reserved 1048576K
}

